<?xml version="1.0" encoding="UTF-8" ?>
<testsuite tests="1" failures="0" name="org.wso2.siddhi.extension.anomaly.EventAnomalyDetectorTestCase" time="6.029" errors="0" skipped="0">
  <properties>
    <property name="java.runtime.name" value="OpenJDK Runtime Environment"/>
    <property name="sun.boot.library.path" value="/usr/lib/jvm/java-8-openjdk-amd64/jre/lib/amd64"/>
    <property name="java.vm.version" value="25.131-b11"/>
    <property name="java.vm.vendor" value="Oracle Corporation"/>
    <property name="java.vendor.url" value="http://java.oracle.com/"/>
    <property name="path.separator" value=":"/>
    <property name="java.vm.name" value="OpenJDK 64-Bit Server VM"/>
    <property name="file.encoding.pkg" value="sun.io"/>
    <property name="user.country" value="US"/>
    <property name="sun.java.launcher" value="SUN_STANDARD"/>
    <property name="sun.os.patch.level" value="unknown"/>
    <property name="java.vm.specification.name" value="Java Virtual Machine Specification"/>
    <property name="user.dir" value="/home/isham/WSO2 Projects/anomaly"/>
    <property name="java.runtime.version" value="1.8.0_131-8u131-b11-2ubuntu1.16.04.3-b11"/>
    <property name="java.awt.graphicsenv" value="sun.awt.X11GraphicsEnvironment"/>
    <property name="basedir" value="/home/isham/WSO2 Projects/anomaly/target/classes/org/wso2/siddhi/extension/timeseries"/>
    <property name="java.endorsed.dirs" value="/usr/lib/jvm/java-8-openjdk-amd64/jre/lib/endorsed"/>
    <property name="os.arch" value="amd64"/>
    <property name="surefire.real.class.path" value="/tmp/surefirebooter5920872255491163108.jar"/>
    <property name="java.io.tmpdir" value="/tmp"/>
    <property name="line.separator" value="
"/>
    <property name="java.vm.specification.vendor" value="Oracle Corporation"/>
    <property name="os.name" value="Linux"/>
    <property name="sun.jnu.encoding" value="UTF-8"/>
    <property name="java.library.path" value="/home/isham/WSO2 SW/idea-IC-171.4694.23/bin::/usr/java/packages/lib/amd64:/usr/lib/x86_64-linux-gnu/jni:/lib/x86_64-linux-gnu:/usr/lib/x86_64-linux-gnu:/usr/lib/jni:/lib:/usr/lib"/>
    <property name="surefire.test.class.path" value="/home/isham/WSO2 Projects/anomaly/target/test-classes:/home/isham/WSO2 Projects/anomaly/target/classes:/home/isham/.m2/repository/org/wso2/siddhi/siddhi-core/3.1.3-SNAPSHOT/siddhi-core-3.1.3-SNAPSHOT.jar:/home/isham/.m2/repository/org/wso2/siddhi/siddhi-query-compiler/3.1.3-SNAPSHOT/siddhi-query-compiler-3.1.3-SNAPSHOT.jar:/home/isham/.m2/repository/org/mvel/mvel2/2.2.1.Final/mvel2-2.2.1.Final.jar:/home/isham/.m2/repository/org/antlr/antlr4-runtime/4.5.1/antlr4-runtime-4.5.1.jar:/home/isham/.m2/repository/org/slf4j/slf4j-simple/1.7.12/slf4j-simple-1.7.12.jar:/home/isham/.m2/repository/org/slf4j/slf4j-api/1.7.12/slf4j-api-1.7.12.jar:/home/isham/.m2/repository/org/wso2/orbit/com/lmax/disruptor/3.3.2.wso2v2/disruptor-3.3.2.wso2v2.jar:/home/isham/.m2/repository/com/google/guava/guava/19.0/guava-19.0.jar:/home/isham/.m2/repository/org/quartz-scheduler/wso2/quartz/2.1.1.wso2v1/quartz-2.1.1.wso2v1.jar:/home/isham/.m2/repository/org/quartz-scheduler/quartz/2.1.1/quartz-2.1.1.jar:/home/isham/.m2/repository/c3p0/c3p0/0.9.1.1/c3p0-0.9.1.1.jar:/home/isham/.m2/repository/io/dropwizard/metrics/metrics-core/3.1.0/metrics-core-3.1.0.jar:/home/isham/.m2/repository/org/wso2/siddhi/siddhi-query-api/3.1.3-SNAPSHOT/siddhi-query-api-3.1.3-SNAPSHOT.jar:/home/isham/.m2/repository/org/wso2/siddhi/siddhi-extension-math/3.1.3-SNAPSHOT/siddhi-extension-math-3.1.3-SNAPSHOT.jar:/home/isham/.m2/repository/org/wso2/siddhi/siddhi-extension-time/3.1.3-SNAPSHOT/siddhi-extension-time-3.1.3-SNAPSHOT.jar:/home/isham/.m2/repository/org/apache/commons/commons-lang3/3.3.2/commons-lang3-3.3.2.jar:/home/isham/.m2/repository/org/apache/log4j/wso2/log4j/1.2.17.wso2v1/log4j-1.2.17.wso2v1.jar:/home/isham/.m2/repository/log4j/log4j/1.2.17/log4j-1.2.17.jar:/home/isham/.m2/repository/org/apache/commons/commons-math3/3.2/commons-math3-3.2.jar:/home/isham/.m2/repository/gov/nist/math/jama/1.0.3/jama-1.0.3.jar:/home/isham/.m2/repository/junit/junit/4.10/junit-4.10.jar:/home/isham/.m2/repository/org/hamcrest/hamcrest-core/1.1/hamcrest-core-1.1.jar:"/>
    <property name="java.specification.name" value="Java Platform API Specification"/>
    <property name="java.class.version" value="52.0"/>
    <property name="sun.management.compiler" value="HotSpot 64-Bit Tiered Compilers"/>
    <property name="os.version" value="4.4.0-93-generic"/>
    <property name="user.home" value="/home/isham"/>
    <property name="user.timezone" value=""/>
    <property name="java.awt.printerjob" value="sun.print.PSPrinterJob"/>
    <property name="file.encoding" value="UTF-8"/>
    <property name="java.specification.version" value="1.8"/>
    <property name="user.name" value="isham"/>
    <property name="java.class.path" value="/home/isham/WSO2 Projects/anomaly/target/test-classes:/home/isham/WSO2 Projects/anomaly/target/classes:/home/isham/.m2/repository/org/wso2/siddhi/siddhi-core/3.1.3-SNAPSHOT/siddhi-core-3.1.3-SNAPSHOT.jar:/home/isham/.m2/repository/org/wso2/siddhi/siddhi-query-compiler/3.1.3-SNAPSHOT/siddhi-query-compiler-3.1.3-SNAPSHOT.jar:/home/isham/.m2/repository/org/mvel/mvel2/2.2.1.Final/mvel2-2.2.1.Final.jar:/home/isham/.m2/repository/org/antlr/antlr4-runtime/4.5.1/antlr4-runtime-4.5.1.jar:/home/isham/.m2/repository/org/slf4j/slf4j-simple/1.7.12/slf4j-simple-1.7.12.jar:/home/isham/.m2/repository/org/slf4j/slf4j-api/1.7.12/slf4j-api-1.7.12.jar:/home/isham/.m2/repository/org/wso2/orbit/com/lmax/disruptor/3.3.2.wso2v2/disruptor-3.3.2.wso2v2.jar:/home/isham/.m2/repository/com/google/guava/guava/19.0/guava-19.0.jar:/home/isham/.m2/repository/org/quartz-scheduler/wso2/quartz/2.1.1.wso2v1/quartz-2.1.1.wso2v1.jar:/home/isham/.m2/repository/org/quartz-scheduler/quartz/2.1.1/quartz-2.1.1.jar:/home/isham/.m2/repository/c3p0/c3p0/0.9.1.1/c3p0-0.9.1.1.jar:/home/isham/.m2/repository/io/dropwizard/metrics/metrics-core/3.1.0/metrics-core-3.1.0.jar:/home/isham/.m2/repository/org/wso2/siddhi/siddhi-query-api/3.1.3-SNAPSHOT/siddhi-query-api-3.1.3-SNAPSHOT.jar:/home/isham/.m2/repository/org/wso2/siddhi/siddhi-extension-math/3.1.3-SNAPSHOT/siddhi-extension-math-3.1.3-SNAPSHOT.jar:/home/isham/.m2/repository/org/wso2/siddhi/siddhi-extension-time/3.1.3-SNAPSHOT/siddhi-extension-time-3.1.3-SNAPSHOT.jar:/home/isham/.m2/repository/org/apache/commons/commons-lang3/3.3.2/commons-lang3-3.3.2.jar:/home/isham/.m2/repository/org/apache/log4j/wso2/log4j/1.2.17.wso2v1/log4j-1.2.17.wso2v1.jar:/home/isham/.m2/repository/log4j/log4j/1.2.17/log4j-1.2.17.jar:/home/isham/.m2/repository/org/apache/commons/commons-math3/3.2/commons-math3-3.2.jar:/home/isham/.m2/repository/gov/nist/math/jama/1.0.3/jama-1.0.3.jar:/home/isham/.m2/repository/junit/junit/4.10/junit-4.10.jar:/home/isham/.m2/repository/org/hamcrest/hamcrest-core/1.1/hamcrest-core-1.1.jar:"/>
    <property name="java.vm.specification.version" value="1.8"/>
    <property name="sun.arch.data.model" value="64"/>
    <property name="java.home" value="/usr/lib/jvm/java-8-openjdk-amd64/jre"/>
    <property name="sun.java.command" value="/tmp/surefirebooter5920872255491163108.jar /tmp/surefire2976280270880755583tmp /tmp/surefire4998995221040137006tmp"/>
    <property name="java.specification.vendor" value="Oracle Corporation"/>
    <property name="user.language" value="en"/>
    <property name="awt.toolkit" value="sun.awt.X11.XToolkit"/>
    <property name="java.vm.info" value="mixed mode"/>
    <property name="java.version" value="1.8.0_131"/>
    <property name="java.ext.dirs" value="/usr/lib/jvm/java-8-openjdk-amd64/jre/lib/ext:/usr/java/packages/lib/ext"/>
    <property name="sun.boot.class.path" value="/usr/lib/jvm/java-8-openjdk-amd64/jre/lib/resources.jar:/usr/lib/jvm/java-8-openjdk-amd64/jre/lib/rt.jar:/usr/lib/jvm/java-8-openjdk-amd64/jre/lib/sunrsasign.jar:/usr/lib/jvm/java-8-openjdk-amd64/jre/lib/jsse.jar:/usr/lib/jvm/java-8-openjdk-amd64/jre/lib/jce.jar:/usr/lib/jvm/java-8-openjdk-amd64/jre/lib/charsets.jar:/usr/lib/jvm/java-8-openjdk-amd64/jre/lib/jfr.jar:/usr/lib/jvm/java-8-openjdk-amd64/jre/classes"/>
    <property name="java.vendor" value="Oracle Corporation"/>
    <property name="localRepository" value="/home/isham/.m2/repository"/>
    <property name="file.separator" value="/"/>
    <property name="java.vendor.url.bug" value="http://bugreport.sun.com/bugreport/"/>
    <property name="sun.cpu.endian" value="little"/>
    <property name="sun.io.unicode.encoding" value="UnicodeLittle"/>
    <property name="sun.desktop" value="gnome"/>
    <property name="sun.cpu.isalist" value=""/>
  </properties>
  <testcase classname="org.wso2.siddhi.extension.anomaly.EventAnomalyDetectorTestCase" name="testEventAnomalyDetection" time="5.971"/>
</testsuite>